media-plugin/build/intermediates/manifest_merge_blame_file/debug/processDebugMainManifest/manifest-merger-blame-debug-report.txt
1<?xml version="1.0" encoding="utf-8"?>
2<manifest xmlns:android="http://schemas.android.com/apk/res/android"
3    package="com.example.plugin.media"
4    android:versionCode="1"
5    android:versionName="1.0" >
6
7    <uses-sdk
7-->INJECTED
8        android:minSdkVersion="33"
8-->INJECTED
9        android:targetSdkVersion="33" />
9-->INJECTED
10
11    <!-- A plugin APK must hold the same signature as the host, so this permission is granted. -->
12    <uses-permission android:name="com.android.systemui.permission.PLUGIN" />
12-->src/main/AndroidManifest.xml:5:5-78
12-->src/main/AndroidManifest.xml:5:22-75
13
14    <application
14-->src/main/AndroidManifest.xml:7:5-25:19
15        android:allowBackup="false"
15-->src/main/AndroidManifest.xml:8:9-36
16        android:debuggable="true"
17        android:extractNativeLibs="false"
17-->INJECTED
18        android:label="Media Widget Plugin"
18-->src/main/AndroidManifest.xml:9:9-44
19        android:supportsRtl="true"
19-->src/main/AndroidManifest.xml:10:9-35
20        android:testOnly="true" >
21
22        <!--
23            宿主通过查询匹配插件 action 的 Service 来发现插件。
24            该 Service 永远不会被真正绑定/启动，仅作为 PackageManager 的注册表使用。
25            service 的类名必须指向插件实现类，因为宿主会通过 Class.forName() 直接实例化它。
26        -->
27        <service
27-->src/main/AndroidManifest.xml:17:9-23:19
28            android:name="com.example.plugin.media.MediaWidgetViewPlugin"
28-->src/main/AndroidManifest.xml:18:13-74
29            android:exported="false" >
29-->src/main/AndroidManifest.xml:19:13-37
30            <intent-filter>
30-->src/main/AndroidManifest.xml:20:13-22:29
31                <action android:name="com.android.systemui.action.PLUGIN_WIDGET_VIEW" />
31-->src/main/AndroidManifest.xml:21:17-89
31-->src/main/AndroidManifest.xml:21:25-86
32            </intent-filter>
33        </service>
34    </application>
35
36</manifest>